<?xml version="1.0" encoding="UTF-8"?>
<testng-results ignored="0" total="4" passed="4" failed="0" skipped="0">
  <reporter-output>
  </reporter-output>
  <suite started-at="2023-10-19T20:52:38 CEST" name="Chrzescijanka Randka QA Automation Suite" finished-at="2023-10-19T20:54:09 CEST" duration-ms="91318">
    <groups>
    </groups>
    <test started-at="2023-10-19T20:52:38 CEST" name="ChrzescijanskaRandka TestCases" finished-at="2023-10-19T20:54:09 CEST" duration-ms="91318">
      <class name="com.chrzescijanksaRandka.qa.testScenarios.LoginTest">
        <test-method is-config="true" signature="setup()[pri:0, instance:com.chrzescijanksaRandka.qa.testScenarios.LoginTest@188715b5]" started-at="2023-10-19T20:52:38 CEST" name="setup" finished-at="2023-10-19T20:52:58 CEST" duration-ms="20284" status="PASS">
          <reporter-output>
          </reporter-output>
        </test-method> <!-- setup -->
        <test-method signature="verifyLoggingIntoTheApplicationUsingValidCredentials()[pri:1, instance:com.chrzescijanksaRandka.qa.testScenarios.LoginTest@188715b5]" started-at="2023-10-19T20:52:58 CEST" name="verifyLoggingIntoTheApplicationUsingValidCredentials" finished-at="2023-10-19T20:52:59 CEST" duration-ms="767" status="PASS">
          <reporter-output>
          </reporter-output>
        </test-method> <!-- verifyLoggingIntoTheApplicationUsingValidCredentials -->
        <test-method is-config="true" signature="tearDown()[pri:0, instance:com.chrzescijanksaRandka.qa.testScenarios.LoginTest@188715b5]" started-at="2023-10-19T20:52:59 CEST" name="tearDown" finished-at="2023-10-19T20:53:00 CEST" duration-ms="664" status="PASS">
          <reporter-output>
          </reporter-output>
        </test-method> <!-- tearDown -->
        <test-method is-config="true" signature="setup()[pri:0, instance:com.chrzescijanksaRandka.qa.testScenarios.LoginTest@188715b5]" started-at="2023-10-19T20:53:00 CEST" name="setup" finished-at="2023-10-19T20:53:25 CEST" duration-ms="25341" status="PASS">
          <reporter-output>
          </reporter-output>
        </test-method> <!-- setup -->
        <test-method signature="verifyLoggingIntoTheApplicationUsingInvalidCredentials()[pri:2, instance:com.chrzescijanksaRandka.qa.testScenarios.LoginTest@188715b5]" started-at="2023-10-19T20:53:25 CEST" name="verifyLoggingIntoTheApplicationUsingInvalidCredentials" finished-at="2023-10-19T20:53:27 CEST" duration-ms="2383" status="PASS">
          <reporter-output>
          </reporter-output>
        </test-method> <!-- verifyLoggingIntoTheApplicationUsingInvalidCredentials -->
        <test-method is-config="true" signature="tearDown()[pri:0, instance:com.chrzescijanksaRandka.qa.testScenarios.LoginTest@188715b5]" started-at="2023-10-19T20:53:27 CEST" name="tearDown" finished-at="2023-10-19T20:53:28 CEST" duration-ms="602" status="PASS">
          <reporter-output>
          </reporter-output>
        </test-method> <!-- tearDown -->
        <test-method is-config="true" signature="setup()[pri:0, instance:com.chrzescijanksaRandka.qa.testScenarios.LoginTest@188715b5]" started-at="2023-10-19T20:53:28 CEST" name="setup" finished-at="2023-10-19T20:53:52 CEST" duration-ms="24372" status="PASS">
          <reporter-output>
          </reporter-output>
        </test-method> <!-- setup -->
        <test-method signature="verifyLoggingIntoTheApplicationUsingKeyboardKeysTabAndEnter()[pri:3, instance:com.chrzescijanksaRandka.qa.testScenarios.LoginTest@188715b5]" started-at="2023-10-19T20:53:52 CEST" name="verifyLoggingIntoTheApplicationUsingKeyboardKeysTabAndEnter" finished-at="2023-10-19T20:53:53 CEST" duration-ms="737" status="PASS">
          <reporter-output>
          </reporter-output>
        </test-method> <!-- verifyLoggingIntoTheApplicationUsingKeyboardKeysTabAndEnter -->
        <test-method is-config="true" signature="tearDown()[pri:0, instance:com.chrzescijanksaRandka.qa.testScenarios.LoginTest@188715b5]" started-at="2023-10-19T20:53:53 CEST" name="tearDown" finished-at="2023-10-19T20:53:54 CEST" duration-ms="632" status="PASS">
          <reporter-output>
          </reporter-output>
        </test-method> <!-- tearDown -->
        <test-method is-config="true" signature="setup()[pri:0, instance:com.chrzescijanksaRandka.qa.testScenarios.LoginTest@188715b5]" started-at="2023-10-19T20:53:54 CEST" name="setup" finished-at="2023-10-19T20:54:08 CEST" duration-ms="14342" status="PASS">
          <reporter-output>
          </reporter-output>
        </test-method> <!-- setup -->
        <test-method signature="VerifyLoggingIntoTheApplicationWithoutProvidingAnyCredentials()[pri:4, instance:com.chrzescijanksaRandka.qa.testScenarios.LoginTest@188715b5]" started-at="2023-10-19T20:54:08 CEST" name="VerifyLoggingIntoTheApplicationWithoutProvidingAnyCredentials" finished-at="2023-10-19T20:54:08 CEST" duration-ms="478" status="PASS">
          <reporter-output>
          </reporter-output>
        </test-method> <!-- VerifyLoggingIntoTheApplicationWithoutProvidingAnyCredentials -->
        <test-method is-config="true" signature="tearDown()[pri:0, instance:com.chrzescijanksaRandka.qa.testScenarios.LoginTest@188715b5]" started-at="2023-10-19T20:54:08 CEST" name="tearDown" finished-at="2023-10-19T20:54:09 CEST" duration-ms="654" status="PASS">
          <reporter-output>
          </reporter-output>
        </test-method> <!-- tearDown -->
      </class> <!-- com.chrzescijanksaRandka.qa.testScenarios.LoginTest -->
    </test> <!-- ChrzescijanskaRandka TestCases -->
  </suite> <!-- Chrzescijanka Randka QA Automation Suite -->
</testng-results>
