<?xml version="1.0" encoding="UTF-8"?>
<testng-results ignored="4" total="5" passed="1" failed="0" skipped="0">
  <reporter-output>
  </reporter-output>
  <suite started-at="2023-11-19T19:19:15 CET" name="Default suite" finished-at="2023-11-19T19:19:47 CET" duration-ms="31881">
    <groups>
    </groups>
    <test started-at="2023-11-19T19:19:15 CET" name="Default test" finished-at="2023-11-19T19:19:47 CET" duration-ms="31881">
      <class name="com.chrzescijanksaRandka.qa.testScenarios.LoginTest">
        <test-method is-config="true" signature="setup()[pri:0, instance:com.chrzescijanksaRandka.qa.testScenarios.LoginTest@192d43ce]" started-at="2023-11-19T19:19:15 CET" name="setup" finished-at="2023-11-19T19:19:30 CET" duration-ms="14985" status="PASS">
          <reporter-output>
          </reporter-output>
        </test-method> <!-- setup -->
        <test-method signature="VerifyLoggingOutOfTheApplication()[pri:5, instance:com.chrzescijanksaRandka.qa.testScenarios.LoginTest@192d43ce]" started-at="2023-11-19T19:19:30 CET" name="VerifyLoggingOutOfTheApplication" finished-at="2023-11-19T19:19:46 CET" duration-ms="16187" status="PASS">
          <reporter-output>
          </reporter-output>
        </test-method> <!-- VerifyLoggingOutOfTheApplication -->
        <test-method is-config="true" signature="tearDown()[pri:0, instance:com.chrzescijanksaRandka.qa.testScenarios.LoginTest@192d43ce]" started-at="2023-11-19T19:19:46 CET" name="tearDown" finished-at="2023-11-19T19:19:47 CET" duration-ms="658" status="PASS">
          <reporter-output>
          </reporter-output>
        </test-method> <!-- tearDown -->
      </class> <!-- com.chrzescijanksaRandka.qa.testScenarios.LoginTest -->
    </test> <!-- Default test -->
  </suite> <!-- Default suite -->
</testng-results>
