<?xml version="1.0" encoding="UTF-8"?>
<!-- Generated by org.testng.reporters.JUnitXMLReporter -->
<testsuite ignored="0" hostname="lenovo-Komputer" failures="0" tests="4" name="ChrzescijanskaRandka TestCases" time="46.312" errors="0" timestamp="2023-11-12T13:49:15 CET">
  <testcase classname="com.chrzescijanksaRandka.qa.testScenarios.LoginTest" name="verifyLoggingIntoTheApplicationUsingValidCredentials" time="0.957"/>
  <testcase classname="com.chrzescijanksaRandka.qa.testScenarios.LoginTest" name="verifyLoggingIntoTheApplicationUsingInvalidCredentials" time="1.098"/>
  <testcase classname="com.chrzescijanksaRandka.qa.testScenarios.LoginTest" name="verifyLoggingIntoTheApplicationUsingKeyboardKeysTabAndEnter" time="0.534"/>
  <testcase classname="com.chrzescijanksaRandka.qa.testScenarios.LoginTest" name="VerifyLoggingIntoTheApplicationWithoutProvidingAnyCredentials" time="0.539"/>
</testsuite> <!-- ChrzescijanskaRandka TestCases -->
