<?xml version="1.0" encoding="UTF-8"?>
<!-- Generated by org.testng.reporters.JUnitXMLReporter -->
<testsuite ignored="0" hostname="lenovo-Komputer" failures="0" tests="4" name="ChrzescijanskaRandka TestCases" time="28.858" errors="0" timestamp="2023-10-27T18:23:16 CEST">
  <testcase classname="com.chrzescijanksaRandka.qa.testScenarios.LoginTest" name="verifyLoggingIntoTheApplicationUsingValidCredentials" time="0.787"/>
  <testcase classname="com.chrzescijanksaRandka.qa.testScenarios.LoginTest" name="verifyLoggingIntoTheApplicationUsingInvalidCredentials" time="1.268"/>
  <testcase classname="com.chrzescijanksaRandka.qa.testScenarios.LoginTest" name="verifyLoggingIntoTheApplicationUsingKeyboardKeysTabAndEnter" time="0.806"/>
  <testcase classname="com.chrzescijanksaRandka.qa.testScenarios.LoginTest" name="VerifyLoggingIntoTheApplicationWithoutProvidingAnyCredentials" time="0.474"/>
</testsuite> <!-- ChrzescijanskaRandka TestCases -->
