<?xml version="1.0" encoding="UTF-8"?>
<!-- Generated by org.testng.reporters.JUnitXMLReporter -->
<testsuite ignored="4" hostname="lenovo-Komputer" failures="0" tests="1" name="Default test" time="31.881" errors="0" timestamp="2023-11-19T19:19:47 CET">
  <testcase classname="com.chrzescijanksaRandka.qa.testScenarios.LoginTest" name="VerifyLoggingOutOfTheApplication" time="16.187"/>
  <testcase classname="com.chrzescijanksaRandka.qa.testScenarios.LoginTest" name="verifyLoggingIntoTheApplicationUsingValidCredentials" time="0.0">
    <ignored/>
  </testcase> <!-- verifyLoggingIntoTheApplicationUsingValidCredentials -->
  <testcase classname="com.chrzescijanksaRandka.qa.testScenarios.LoginTest" name="verifyLoggingIntoTheApplicationUsingKeyboardKeysTabAndEnter" time="0.0">
    <ignored/>
  </testcase> <!-- verifyLoggingIntoTheApplicationUsingKeyboardKeysTabAndEnter -->
  <testcase classname="com.chrzescijanksaRandka.qa.testScenarios.LoginTest" name="VerifyLoggingIntoTheApplicationWithoutProvidingAnyCredentials" time="0.0">
    <ignored/>
  </testcase> <!-- VerifyLoggingIntoTheApplicationWithoutProvidingAnyCredentials -->
  <testcase classname="com.chrzescijanksaRandka.qa.testScenarios.LoginTest" name="verifyLoggingIntoTheApplicationUsingInvalidCredentials" time="0.0">
    <ignored/>
  </testcase> <!-- verifyLoggingIntoTheApplicationUsingInvalidCredentials -->
</testsuite> <!-- Default test -->
