<?xml version="1.0" encoding="UTF-8"?>
<!-- Generated by org.testng.reporters.JUnitXMLReporter -->
<testsuite ignored="0" hostname="lenovo-Komputer" failures="0" tests="5" name="Default test" time="88.313" errors="0" timestamp="2023-11-19T19:35:52 CET">
  <testcase classname="com.chrzescijanksaRandka.testScenarios.LoginTest" name="verifyLoggingIntoTheApplicationUsingValidCredentials" time="0.8"/>
  <testcase classname="com.chrzescijanksaRandka.testScenarios.LoginTest" name="verifyLoggingIntoTheApplicationUsingInvalidCredentials" time="1.215"/>
  <testcase classname="com.chrzescijanksaRandka.testScenarios.LoginTest" name="verifyLoggingIntoTheApplicationUsingKeyboardKeysTabAndEnter" time="0.771"/>
  <testcase classname="com.chrzescijanksaRandka.testScenarios.LoginTest" name="VerifyLoggingIntoTheApplicationWithoutProvidingAnyCredentials" time="0.494"/>
  <testcase classname="com.chrzescijanksaRandka.testScenarios.LoginTest" name="VerifyLoggingOutOfTheApplication" time="12.573"/>
</testsuite> <!-- Default test -->
